<?xml version="1.0" encoding="UTF-8"?>
<!-- Generated by org.testng.reporters.JUnitReportReporter -->
<testsuite hostname="mahmoud" failures="0" tests="6" name="com.example.Tests.web.RegistrationPageTests" time="23.264" errors="0" timestamp="2024-09-04T03:19:08 EEST" skipped="0">
  <testcase classname="com.example.Tests.web.RegistrationPageTests" name="testRegistrationWithInValidData" time="3.869"/>
  <testcase classname="com.example.Tests.web.RegistrationPageTests" name="testRegistrationWithValidData" time="6.755"/>
  <testcase classname="com.example.Tests.web.RegistrationPageTests" name="checkVisibilityOfRegistrationFormElements" time="0.410"/>
  <testcase classname="com.example.Tests.web.RegistrationPageTests" name="testRegistrationWithInValidData" time="4.055"/>
  <testcase classname="com.example.Tests.web.RegistrationPageTests" name="checkVisibilityOfRegistrationFormElements" time="1.636"/>
  <testcase classname="com.example.Tests.web.RegistrationPageTests" name="testRegistrationWithValidData" time="6.539"/>
</testsuite> <!-- com.example.Tests.web.RegistrationPageTests -->
