<?xml version="1.0" encoding="UTF-8"?>
<!-- Generated by org.testng.reporters.JUnitReportReporter -->
<testsuite hostname="mahmoud" failures="0" tests="10" name="com.example.Tests.api.UserTests" time="4.023" errors="0" timestamp="2024-09-04T03:19:08 EEST" skipped="0">
  <testcase classname="com.example.Tests.api.UserTests" name="testListUsersInPageNo2" time="0.223"/>
  <testcase classname="com.example.Tests.api.UserTests" name="testCreateUser" time="1.720"/>
  <testcase classname="com.example.Tests.api.UserTests" name="testUpdateUser" time="0.258"/>
  <testcase classname="com.example.Tests.api.UserTests" name="testCreateUser" time="0.338"/>
  <testcase classname="com.example.Tests.api.UserTests" name="testListUsersInPageNo2" time="0.329"/>
  <testcase classname="com.example.Tests.api.UserTests" name="testListUsersInPageNo2" time="0.220"/>
  <testcase classname="com.example.Tests.api.UserTests" name="testListUsersInPageNo2" time="0.207"/>
  <testcase classname="com.example.Tests.api.UserTests" name="testListUsersInPageNo2" time="0.235"/>
  <testcase classname="com.example.Tests.api.UserTests" name="testUpdateUser" time="0.279"/>
  <testcase classname="com.example.Tests.api.UserTests" name="testListUsersInPageNo2" time="0.214"/>
</testsuite> <!-- com.example.Tests.api.UserTests -->
